2025-01-31 00:10:51 INFO  [JavaFX Application Thread] com.idlegame.ui.MainController - Initializing MainController
2025-01-31 00:10:51 INFO  [JavaFX Application Thread] com.idlegame.core.GameManager - Initializing GameManager
2025-01-31 00:10:51 INFO  [JavaFX Application Thread] com.idlegame.core.AchievementSystem - Achievement system initialized
2025-01-31 00:10:51 INFO  [JavaFX Application Thread] com.idlegame.core.PrestigeSystem - Prestige system initialized
2025-01-31 00:10:51 DEBUG [JavaFX Application Thread] com.idlegame.core.GameManager - GameManager initialized with all systems
2025-01-31 00:10:51 INFO  [JavaFX Application Thread] com.idlegame.core.GameManager - Initializing game manager
2025-01-31 00:10:51 INFO  [JavaFX Application Thread] com.idlegame.core.ResourceSystem - Resource system reset to initial state
2025-01-31 00:12:06 INFO  [JavaFX Application Thread] com.idlegame.ui.MainController - Initializing MainController
2025-01-31 00:12:06 INFO  [JavaFX Application Thread] com.idlegame.core.GameManager - Initializing GameManager
2025-01-31 00:12:06 INFO  [JavaFX Application Thread] com.idlegame.core.AchievementSystem - Achievement system initialized
2025-01-31 00:12:06 INFO  [JavaFX Application Thread] com.idlegame.core.PrestigeSystem - Prestige system initialized
2025-01-31 00:12:06 DEBUG [JavaFX Application Thread] com.idlegame.core.GameManager - GameManager initialized with all systems
2025-01-31 00:12:06 INFO  [JavaFX Application Thread] com.idlegame.core.GameManager - Initializing game manager
2025-01-31 00:12:06 INFO  [JavaFX Application Thread] com.idlegame.core.ResourceSystem - Resource system reset to initial state
2025-01-31 00:12:36 INFO  [JavaFX Application Thread] com.idlegame.ui.MainController - Initializing MainController
2025-01-31 00:12:36 INFO  [JavaFX Application Thread] com.idlegame.core.GameManager - Initializing GameManager
2025-01-31 00:12:36 INFO  [JavaFX Application Thread] com.idlegame.core.AchievementSystem - Achievement system initialized
2025-01-31 00:12:36 INFO  [JavaFX Application Thread] com.idlegame.core.PrestigeSystem - Prestige system initialized
2025-01-31 00:12:36 DEBUG [JavaFX Application Thread] com.idlegame.core.GameManager - GameManager initialized with all systems
2025-01-31 00:12:36 INFO  [JavaFX Application Thread] com.idlegame.core.GameManager - Initializing game manager
2025-01-31 00:12:36 INFO  [JavaFX Application Thread] com.idlegame.core.ResourceSystem - Resource system reset to initial state
2025-01-31 00:13:12 INFO  [JavaFX Application Thread] com.idlegame.ui.MainController - Initializing MainController
2025-01-31 00:13:12 INFO  [JavaFX Application Thread] com.idlegame.core.GameManager - Initializing GameManager
2025-01-31 00:13:12 INFO  [JavaFX Application Thread] com.idlegame.core.AchievementSystem - Achievement system initialized
2025-01-31 00:13:12 INFO  [JavaFX Application Thread] com.idlegame.core.PrestigeSystem - Prestige system initialized
2025-01-31 00:13:12 DEBUG [JavaFX Application Thread] com.idlegame.core.GameManager - GameManager initialized with all systems
2025-01-31 00:13:12 INFO  [JavaFX Application Thread] com.idlegame.core.GameManager - Initializing game manager
2025-01-31 00:13:12 INFO  [JavaFX Application Thread] com.idlegame.core.ResourceSystem - Resource system reset to initial state
2025-01-31 00:13:12 INFO  [JavaFX Application Thread] com.idlegame.core.GameManager - Loading game state
2025-01-31 00:13:12 ERROR [JavaFX Application Thread] com.idlegame.core.GameState - Failed to load game state
java.io.InvalidClassException: com.idlegame.core.BuildingSystem; class invalid for deserialization
	at java.base/java.io.ObjectStreamClass$ExceptionInfo.newInvalidClassException(ObjectStreamClass.java:172)
	at java.base/java.io.ObjectStreamClass.checkDeserialize(ObjectStreamClass.java:790)
	at java.base/java.io.ObjectInputStream.readOrdinaryObject(ObjectInputStream.java:2225)
	at java.base/java.io.ObjectInputStream.readObject0(ObjectInputStream.java:1733)
	at java.base/java.io.ObjectInputStream.readObject(ObjectInputStream.java:509)
	at java.base/java.io.ObjectInputStream.readObject(ObjectInputStream.java:467)
	at java.base/java.util.HashMap.readObject(HashMap.java:1552)
	at java.base/jdk.internal.reflect.NativeMethodAccessorImpl.invoke0(Native Method)
	at java.base/jdk.internal.reflect.NativeMethodAccessorImpl.invoke(NativeMethodAccessorImpl.java:77)
	at java.base/jdk.internal.reflect.DelegatingMethodAccessorImpl.invoke(DelegatingMethodAccessorImpl.java:43)
	at java.base/java.lang.reflect.Method.invoke(Method.java:569)
	at java.base/java.io.ObjectStreamClass.invokeReadObject(ObjectStreamClass.java:1100)
	at java.base/java.io.ObjectInputStream.readSerialData(ObjectInputStream.java:2423)
	at java.base/java.io.ObjectInputStream.readOrdinaryObject(ObjectInputStream.java:2257)
	at java.base/java.io.ObjectInputStream.readObject0(ObjectInputStream.java:1733)
	at java.base/java.io.ObjectInputStream$FieldValues.<init>(ObjectInputStream.java:2606)
	at java.base/java.io.ObjectInputStream.readSerialData(ObjectInputStream.java:2457)
	at java.base/java.io.ObjectInputStream.readOrdinaryObject(ObjectInputStream.java:2257)
	at java.base/java.io.ObjectInputStream.readObject0(ObjectInputStream.java:1733)
	at java.base/java.io.ObjectInputStream.readObject(ObjectInputStream.java:509)
	at java.base/java.io.ObjectInputStream.readObject(ObjectInputStream.java:467)
	at com.idlegame.core.GameState.load(GameState.java:54)
	at com.idlegame.core.GameManager.loadGame(GameManager.java:163)
	at com.idlegame.ui.MainController.initialize(MainController.java:70)
	at java.base/jdk.internal.reflect.NativeMethodAccessorImpl.invoke0(Native Method)
	at java.base/jdk.internal.reflect.NativeMethodAccessorImpl.invoke(NativeMethodAccessorImpl.java:77)
	at java.base/jdk.internal.reflect.DelegatingMethodAccessorImpl.invoke(DelegatingMethodAccessorImpl.java:43)
	at java.base/java.lang.reflect.Method.invoke(Method.java:569)
	at com.sun.javafx.reflect.Trampoline.invoke(MethodUtil.java:77)
	at jdk.internal.reflect.GeneratedMethodAccessor2.invoke(Unknown Source)
	at java.base/jdk.internal.reflect.DelegatingMethodAccessorImpl.invoke(DelegatingMethodAccessorImpl.java:43)
	at java.base/java.lang.reflect.Method.invoke(Method.java:569)
	at javafx.base/com.sun.javafx.reflect.MethodUtil.invoke(MethodUtil.java:275)
	at javafx.fxml/com.sun.javafx.fxml.MethodHelper.invoke(MethodHelper.java:84)
	at javafx.fxml/javafx.fxml.FXMLLoader.loadImpl(FXMLLoader.java:2673)
	at javafx.fxml/javafx.fxml.FXMLLoader.loadImpl(FXMLLoader.java:2548)
	at javafx.fxml/javafx.fxml.FXMLLoader.load(FXMLLoader.java:2516)
	at com.idlegame.IdleGameApp.start(IdleGameApp.java:16)
	at javafx.graphics/com.sun.javafx.application.LauncherImpl.lambda$launchApplication1$9(LauncherImpl.java:847)
	at javafx.graphics/com.sun.javafx.application.PlatformImpl.lambda$runAndWait$12(PlatformImpl.java:484)
	at javafx.graphics/com.sun.javafx.application.PlatformImpl.lambda$runLater$10(PlatformImpl.java:457)
	at java.base/java.security.AccessController.doPrivileged(AccessController.java:399)
	at javafx.graphics/com.sun.javafx.application.PlatformImpl.lambda$runLater$11(PlatformImpl.java:456)
	at javafx.graphics/com.sun.glass.ui.InvokeLaterDispatcher$Future.run(InvokeLaterDispatcher.java:96)
	at javafx.graphics/com.sun.glass.ui.gtk.GtkApplication._runLoop(Native Method)
	at javafx.graphics/com.sun.glass.ui.gtk.GtkApplication.lambda$runLoop$11(GtkApplication.java:290)
	at java.base/java.lang.Thread.run(Thread.java:840)
2025-01-31 00:13:12 INFO  [JavaFX Application Thread] com.idlegame.core.GameManager - Starting game
2025-01-31 00:13:12 INFO  [JavaFX Application Thread] com.idlegame.core.GameManager - Game loop started in background thread
2025-01-31 00:13:12 DEBUG [Thread-2] com.idlegame.core.GameManager - Entering game loop
2025-01-31 00:13:12 INFO  [JavaFX Application Thread] com.idlegame.ui.MainController - MainController initialization complete
2025-01-31 00:13:19 DEBUG [JavaFX Application Thread] com.idlegame.core.GameManager - Processing click action
2025-01-31 00:13:19 DEBUG [JavaFX Application Thread] com.idlegame.core.GameManager - Click added 1 (with prestige multiplier: 1)
2025-01-31 00:13:19 DEBUG [JavaFX Application Thread] com.idlegame.core.GameManager - Processing click action
2025-01-31 00:13:19 DEBUG [JavaFX Application Thread] com.idlegame.core.GameManager - Click added 1 (with prestige multiplier: 1)
2025-01-31 00:13:20 DEBUG [JavaFX Application Thread] com.idlegame.core.GameManager - Processing click action
2025-01-31 00:13:20 DEBUG [JavaFX Application Thread] com.idlegame.core.GameManager - Click added 1 (with prestige multiplier: 1)
2025-01-31 00:13:20 DEBUG [JavaFX Application Thread] com.idlegame.core.GameManager - Processing click action
2025-01-31 00:13:20 DEBUG [JavaFX Application Thread] com.idlegame.core.GameManager - Click added 1 (with prestige multiplier: 1)
2025-01-31 00:13:20 DEBUG [JavaFX Application Thread] com.idlegame.core.GameManager - Processing click action
2025-01-31 00:13:20 DEBUG [JavaFX Application Thread] com.idlegame.core.GameManager - Click added 1 (with prestige multiplier: 1)
2025-01-31 00:13:20 DEBUG [JavaFX Application Thread] com.idlegame.core.GameManager - Processing click action
2025-01-31 00:13:20 DEBUG [JavaFX Application Thread] com.idlegame.core.GameManager - Click added 1 (with prestige multiplier: 1)
2025-01-31 00:18:41 INFO  [JavaFX Application Thread] com.idlegame.ui.MainController - Initializing MainController
2025-01-31 00:18:41 INFO  [JavaFX Application Thread] com.idlegame.core.GameManager - Initializing GameManager
2025-01-31 00:18:41 INFO  [JavaFX Application Thread] com.idlegame.core.AchievementSystem - Achievement system initialized
2025-01-31 00:18:41 INFO  [JavaFX Application Thread] com.idlegame.core.PrestigeSystem - Prestige system initialized
2025-01-31 00:18:41 DEBUG [JavaFX Application Thread] com.idlegame.core.GameManager - GameManager initialized with all systems
2025-01-31 00:18:41 INFO  [JavaFX Application Thread] com.idlegame.core.GameManager - Initializing game manager
2025-01-31 00:18:41 INFO  [JavaFX Application Thread] com.idlegame.core.ResourceSystem - Resource system reset to initial state
2025-01-31 00:18:41 INFO  [JavaFX Application Thread] com.idlegame.core.GameManager - Loading game state
2025-01-31 00:18:41 ERROR [JavaFX Application Thread] com.idlegame.core.GameState - Failed to load game state
java.io.InvalidClassException: com.idlegame.core.BuildingSystem; class invalid for deserialization
	at java.base/java.io.ObjectStreamClass$ExceptionInfo.newInvalidClassException(ObjectStreamClass.java:172)
	at java.base/java.io.ObjectStreamClass.checkDeserialize(ObjectStreamClass.java:790)
	at java.base/java.io.ObjectInputStream.readOrdinaryObject(ObjectInputStream.java:2225)
	at java.base/java.io.ObjectInputStream.readObject0(ObjectInputStream.java:1733)
	at java.base/java.io.ObjectInputStream.readObject(ObjectInputStream.java:509)
	at java.base/java.io.ObjectInputStream.readObject(ObjectInputStream.java:467)
	at java.base/java.util.HashMap.readObject(HashMap.java:1552)
	at java.base/jdk.internal.reflect.NativeMethodAccessorImpl.invoke0(Native Method)
	at java.base/jdk.internal.reflect.NativeMethodAccessorImpl.invoke(NativeMethodAccessorImpl.java:77)
	at java.base/jdk.internal.reflect.DelegatingMethodAccessorImpl.invoke(DelegatingMethodAccessorImpl.java:43)
	at java.base/java.lang.reflect.Method.invoke(Method.java:569)
	at java.base/java.io.ObjectStreamClass.invokeReadObject(ObjectStreamClass.java:1100)
	at java.base/java.io.ObjectInputStream.readSerialData(ObjectInputStream.java:2423)
	at java.base/java.io.ObjectInputStream.readOrdinaryObject(ObjectInputStream.java:2257)
	at java.base/java.io.ObjectInputStream.readObject0(ObjectInputStream.java:1733)
	at java.base/java.io.ObjectInputStream$FieldValues.<init>(ObjectInputStream.java:2606)
	at java.base/java.io.ObjectInputStream.readSerialData(ObjectInputStream.java:2457)
	at java.base/java.io.ObjectInputStream.readOrdinaryObject(ObjectInputStream.java:2257)
	at java.base/java.io.ObjectInputStream.readObject0(ObjectInputStream.java:1733)
	at java.base/java.io.ObjectInputStream.readObject(ObjectInputStream.java:509)
	at java.base/java.io.ObjectInputStream.readObject(ObjectInputStream.java:467)
	at com.idlegame.core.GameState.load(GameState.java:54)
	at com.idlegame.core.GameManager.loadGame(GameManager.java:163)
	at com.idlegame.ui.MainController.initialize(MainController.java:54)
	at java.base/jdk.internal.reflect.NativeMethodAccessorImpl.invoke0(Native Method)
	at java.base/jdk.internal.reflect.NativeMethodAccessorImpl.invoke(NativeMethodAccessorImpl.java:77)
	at java.base/jdk.internal.reflect.DelegatingMethodAccessorImpl.invoke(DelegatingMethodAccessorImpl.java:43)
	at java.base/java.lang.reflect.Method.invoke(Method.java:569)
	at com.sun.javafx.reflect.Trampoline.invoke(MethodUtil.java:77)
	at jdk.internal.reflect.GeneratedMethodAccessor2.invoke(Unknown Source)
	at java.base/jdk.internal.reflect.DelegatingMethodAccessorImpl.invoke(DelegatingMethodAccessorImpl.java:43)
	at java.base/java.lang.reflect.Method.invoke(Method.java:569)
	at javafx.base/com.sun.javafx.reflect.MethodUtil.invoke(MethodUtil.java:275)
	at javafx.fxml/com.sun.javafx.fxml.MethodHelper.invoke(MethodHelper.java:84)
	at javafx.fxml/javafx.fxml.FXMLLoader.loadImpl(FXMLLoader.java:2673)
	at javafx.fxml/javafx.fxml.FXMLLoader.loadImpl(FXMLLoader.java:2548)
	at javafx.fxml/javafx.fxml.FXMLLoader.load(FXMLLoader.java:2516)
	at com.idlegame.IdleGameApp.start(IdleGameApp.java:16)
	at javafx.graphics/com.sun.javafx.application.LauncherImpl.lambda$launchApplication1$9(LauncherImpl.java:847)
	at javafx.graphics/com.sun.javafx.application.PlatformImpl.lambda$runAndWait$12(PlatformImpl.java:484)
	at javafx.graphics/com.sun.javafx.application.PlatformImpl.lambda$runLater$10(PlatformImpl.java:457)
	at java.base/java.security.AccessController.doPrivileged(AccessController.java:399)
	at javafx.graphics/com.sun.javafx.application.PlatformImpl.lambda$runLater$11(PlatformImpl.java:456)
	at javafx.graphics/com.sun.glass.ui.InvokeLaterDispatcher$Future.run(InvokeLaterDispatcher.java:96)
	at javafx.graphics/com.sun.glass.ui.gtk.GtkApplication._runLoop(Native Method)
	at javafx.graphics/com.sun.glass.ui.gtk.GtkApplication.lambda$runLoop$11(GtkApplication.java:290)
	at java.base/java.lang.Thread.run(Thread.java:840)
2025-01-31 00:18:41 INFO  [JavaFX Application Thread] com.idlegame.core.GameManager - Starting game
2025-01-31 00:18:41 INFO  [JavaFX Application Thread] com.idlegame.core.GameManager - Game loop started in background thread
2025-01-31 00:18:41 DEBUG [Thread-2] com.idlegame.core.GameManager - Entering game loop
2025-01-31 00:18:41 INFO  [JavaFX Application Thread] com.idlegame.ui.MainController - MainController initialization complete
2025-01-31 00:18:46 DEBUG [JavaFX Application Thread] com.idlegame.core.GameManager - Processing click action
2025-01-31 00:18:46 DEBUG [JavaFX Application Thread] com.idlegame.core.GameManager - Click added 1 (with prestige multiplier: 1)
2025-01-31 00:18:47 DEBUG [JavaFX Application Thread] com.idlegame.core.GameManager - Processing click action
2025-01-31 00:18:47 DEBUG [JavaFX Application Thread] com.idlegame.core.GameManager - Click added 1 (with prestige multiplier: 1)
2025-01-31 00:18:47 DEBUG [JavaFX Application Thread] com.idlegame.core.GameManager - Processing click action
2025-01-31 00:18:47 DEBUG [JavaFX Application Thread] com.idlegame.core.GameManager - Click added 1 (with prestige multiplier: 1)
2025-01-31 00:18:47 DEBUG [JavaFX Application Thread] com.idlegame.core.GameManager - Processing click action
2025-01-31 00:18:47 DEBUG [JavaFX Application Thread] com.idlegame.core.GameManager - Click added 1 (with prestige multiplier: 1)
2025-01-31 00:18:47 DEBUG [JavaFX Application Thread] com.idlegame.core.GameManager - Processing click action
2025-01-31 00:18:47 DEBUG [JavaFX Application Thread] com.idlegame.core.GameManager - Click added 1 (with prestige multiplier: 1)
2025-01-31 00:18:47 DEBUG [JavaFX Application Thread] com.idlegame.core.GameManager - Processing click action
2025-01-31 00:18:47 DEBUG [JavaFX Application Thread] com.idlegame.core.GameManager - Click added 1 (with prestige multiplier: 1)
2025-01-31 00:18:47 DEBUG [JavaFX Application Thread] com.idlegame.core.GameManager - Processing click action
2025-01-31 00:18:47 DEBUG [JavaFX Application Thread] com.idlegame.core.GameManager - Click added 1 (with prestige multiplier: 1)
2025-01-31 00:18:48 DEBUG [JavaFX Application Thread] com.idlegame.core.GameManager - Processing click action
2025-01-31 00:18:48 DEBUG [JavaFX Application Thread] com.idlegame.core.GameManager - Click added 1 (with prestige multiplier: 1)
2025-01-31 00:18:48 DEBUG [JavaFX Application Thread] com.idlegame.core.GameManager - Processing click action
2025-01-31 00:18:48 DEBUG [JavaFX Application Thread] com.idlegame.core.GameManager - Click added 1 (with prestige multiplier: 1)
2025-01-31 00:18:48 DEBUG [JavaFX Application Thread] com.idlegame.core.GameManager - Processing click action
2025-01-31 00:18:48 DEBUG [JavaFX Application Thread] com.idlegame.core.GameManager - Click added 1 (with prestige multiplier: 1)
2025-01-31 00:18:48 DEBUG [JavaFX Application Thread] com.idlegame.core.GameManager - Processing click action
2025-01-31 00:18:48 DEBUG [JavaFX Application Thread] com.idlegame.core.GameManager - Click added 1 (with prestige multiplier: 1)
2025-01-31 00:18:48 DEBUG [JavaFX Application Thread] com.idlegame.core.GameManager - Processing click action
2025-01-31 00:18:48 DEBUG [JavaFX Application Thread] com.idlegame.core.GameManager - Click added 1 (with prestige multiplier: 1)
2025-01-31 00:18:49 DEBUG [JavaFX Application Thread] com.idlegame.core.GameManager - Processing click action
2025-01-31 00:18:49 DEBUG [JavaFX Application Thread] com.idlegame.core.GameManager - Click added 1 (with prestige multiplier: 1)
2025-01-31 00:18:49 DEBUG [JavaFX Application Thread] com.idlegame.core.GameManager - Processing click action
2025-01-31 00:18:49 DEBUG [JavaFX Application Thread] com.idlegame.core.GameManager - Click added 1 (with prestige multiplier: 1)
2025-01-31 00:18:49 DEBUG [JavaFX Application Thread] com.idlegame.core.GameManager - Processing click action
2025-01-31 00:18:49 DEBUG [JavaFX Application Thread] com.idlegame.core.GameManager - Click added 1 (with prestige multiplier: 1)
2025-01-31 00:18:49 DEBUG [JavaFX Application Thread] com.idlegame.core.GameManager - Processing click action
2025-01-31 00:18:49 DEBUG [JavaFX Application Thread] com.idlegame.core.GameManager - Click added 1 (with prestige multiplier: 1)
2025-01-31 00:18:49 DEBUG [JavaFX Application Thread] com.idlegame.core.GameManager - Processing click action
2025-01-31 00:18:49 DEBUG [JavaFX Application Thread] com.idlegame.core.GameManager - Click added 1 (with prestige multiplier: 1)
2025-01-31 00:18:49 DEBUG [JavaFX Application Thread] com.idlegame.core.GameManager - Processing click action
2025-01-31 00:18:49 DEBUG [JavaFX Application Thread] com.idlegame.core.GameManager - Click added 1 (with prestige multiplier: 1)
2025-01-31 00:18:50 DEBUG [JavaFX Application Thread] com.idlegame.core.GameManager - Processing click action
2025-01-31 00:18:50 DEBUG [JavaFX Application Thread] com.idlegame.core.GameManager - Click added 1 (with prestige multiplier: 1)
2025-01-31 00:18:50 DEBUG [JavaFX Application Thread] com.idlegame.core.GameManager - Processing click action
2025-01-31 00:18:50 DEBUG [JavaFX Application Thread] com.idlegame.core.GameManager - Click added 1 (with prestige multiplier: 1)
2025-01-31 00:18:50 DEBUG [JavaFX Application Thread] com.idlegame.core.GameManager - Processing click action
2025-01-31 00:18:50 DEBUG [JavaFX Application Thread] com.idlegame.core.GameManager - Click added 1 (with prestige multiplier: 1)
2025-01-31 00:18:50 DEBUG [JavaFX Application Thread] com.idlegame.core.GameManager - Processing click action
2025-01-31 00:18:50 DEBUG [JavaFX Application Thread] com.idlegame.core.GameManager - Click added 1 (with prestige multiplier: 1)
2025-01-31 00:18:51 INFO  [JavaFX Application Thread] com.idlegame.core.BuildingSystem - Purchased building: grower for 15
2025-01-31 00:18:52 DEBUG [JavaFX Application Thread] com.idlegame.core.GameManager - Processing click action
2025-01-31 00:18:52 DEBUG [JavaFX Application Thread] com.idlegame.core.GameManager - Click added 1 (with prestige multiplier: 1)
2025-01-31 00:18:52 DEBUG [JavaFX Application Thread] com.idlegame.core.GameManager - Processing click action
2025-01-31 00:18:52 DEBUG [JavaFX Application Thread] com.idlegame.core.GameManager - Click added 1 (with prestige multiplier: 1)
2025-01-31 00:18:52 DEBUG [JavaFX Application Thread] com.idlegame.core.GameManager - Processing click action
2025-01-31 00:18:52 DEBUG [JavaFX Application Thread] com.idlegame.core.GameManager - Click added 1 (with prestige multiplier: 1)
2025-01-31 00:18:52 DEBUG [JavaFX Application Thread] com.idlegame.core.GameManager - Processing click action
2025-01-31 00:18:52 DEBUG [JavaFX Application Thread] com.idlegame.core.GameManager - Click added 1 (with prestige multiplier: 1)
2025-01-31 00:18:52 DEBUG [JavaFX Application Thread] com.idlegame.core.GameManager - Processing click action
2025-01-31 00:18:52 DEBUG [JavaFX Application Thread] com.idlegame.core.GameManager - Click added 1 (with prestige multiplier: 1)
2025-01-31 00:18:53 DEBUG [JavaFX Application Thread] com.idlegame.core.GameManager - Processing click action
2025-01-31 00:18:53 DEBUG [JavaFX Application Thread] com.idlegame.core.GameManager - Click added 1 (with prestige multiplier: 1)
2025-01-31 00:18:53 DEBUG [JavaFX Application Thread] com.idlegame.core.GameManager - Processing click action
2025-01-31 00:18:53 DEBUG [JavaFX Application Thread] com.idlegame.core.GameManager - Click added 1 (with prestige multiplier: 1)
2025-01-31 00:18:53 DEBUG [JavaFX Application Thread] com.idlegame.core.GameManager - Processing click action
2025-01-31 00:18:53 DEBUG [JavaFX Application Thread] com.idlegame.core.GameManager - Click added 1 (with prestige multiplier: 1)
2025-01-31 00:18:53 DEBUG [JavaFX Application Thread] com.idlegame.core.GameManager - Processing click action
2025-01-31 00:18:53 DEBUG [JavaFX Application Thread] com.idlegame.core.GameManager - Click added 1 (with prestige multiplier: 1)
2025-01-31 00:18:53 DEBUG [JavaFX Application Thread] com.idlegame.core.GameManager - Processing click action
2025-01-31 00:18:53 DEBUG [JavaFX Application Thread] com.idlegame.core.GameManager - Click added 1 (with prestige multiplier: 1)
2025-01-31 00:18:54 DEBUG [JavaFX Application Thread] com.idlegame.core.GameManager - Processing click action
2025-01-31 00:18:54 DEBUG [JavaFX Application Thread] com.idlegame.core.GameManager - Click added 1 (with prestige multiplier: 1)
2025-01-31 00:18:54 DEBUG [JavaFX Application Thread] com.idlegame.core.GameManager - Processing click action
2025-01-31 00:18:54 DEBUG [JavaFX Application Thread] com.idlegame.core.GameManager - Click added 1 (with prestige multiplier: 1)
2025-01-31 00:18:54 DEBUG [JavaFX Application Thread] com.idlegame.core.GameManager - Processing click action
2025-01-31 00:18:54 DEBUG [JavaFX Application Thread] com.idlegame.core.GameManager - Click added 1 (with prestige multiplier: 1)
2025-01-31 00:18:54 DEBUG [JavaFX Application Thread] com.idlegame.core.GameManager - Processing click action
2025-01-31 00:18:54 DEBUG [JavaFX Application Thread] com.idlegame.core.GameManager - Click added 1 (with prestige multiplier: 1)
2025-01-31 00:18:54 DEBUG [JavaFX Application Thread] com.idlegame.core.GameManager - Processing click action
2025-01-31 00:18:54 DEBUG [JavaFX Application Thread] com.idlegame.core.GameManager - Click added 1 (with prestige multiplier: 1)
2025-01-31 00:18:54 DEBUG [JavaFX Application Thread] com.idlegame.core.GameManager - Processing click action
2025-01-31 00:18:54 DEBUG [JavaFX Application Thread] com.idlegame.core.GameManager - Click added 1 (with prestige multiplier: 1)
2025-01-31 00:18:55 DEBUG [JavaFX Application Thread] com.idlegame.core.GameManager - Processing click action
2025-01-31 00:18:55 DEBUG [JavaFX Application Thread] com.idlegame.core.GameManager - Click added 1 (with prestige multiplier: 1)
2025-01-31 00:18:55 DEBUG [JavaFX Application Thread] com.idlegame.core.GameManager - Processing click action
2025-01-31 00:18:55 DEBUG [JavaFX Application Thread] com.idlegame.core.GameManager - Click added 1 (with prestige multiplier: 1)
2025-01-31 00:18:55 DEBUG [JavaFX Application Thread] com.idlegame.core.GameManager - Processing click action
2025-01-31 00:18:55 DEBUG [JavaFX Application Thread] com.idlegame.core.GameManager - Click added 1 (with prestige multiplier: 1)
2025-01-31 00:18:55 DEBUG [JavaFX Application Thread] com.idlegame.core.GameManager - Processing click action
2025-01-31 00:18:55 DEBUG [JavaFX Application Thread] com.idlegame.core.GameManager - Click added 1 (with prestige multiplier: 1)
2025-01-31 00:18:55 DEBUG [JavaFX Application Thread] com.idlegame.core.GameManager - Processing click action
2025-01-31 00:18:55 DEBUG [JavaFX Application Thread] com.idlegame.core.GameManager - Click added 1 (with prestige multiplier: 1)
2025-01-31 00:18:55 DEBUG [JavaFX Application Thread] com.idlegame.core.GameManager - Processing click action
2025-01-31 00:18:55 DEBUG [JavaFX Application Thread] com.idlegame.core.GameManager - Click added 1 (with prestige multiplier: 1)
2025-01-31 00:18:56 DEBUG [JavaFX Application Thread] com.idlegame.core.GameManager - Processing click action
2025-01-31 00:18:56 DEBUG [JavaFX Application Thread] com.idlegame.core.GameManager - Click added 1 (with prestige multiplier: 1)
2025-01-31 00:18:56 DEBUG [JavaFX Application Thread] com.idlegame.core.GameManager - Processing click action
2025-01-31 00:18:56 DEBUG [JavaFX Application Thread] com.idlegame.core.GameManager - Click added 1 (with prestige multiplier: 1)
2025-01-31 00:18:56 DEBUG [JavaFX Application Thread] com.idlegame.core.GameManager - Processing click action
2025-01-31 00:18:56 DEBUG [JavaFX Application Thread] com.idlegame.core.GameManager - Click added 1 (with prestige multiplier: 1)
2025-01-31 00:18:56 DEBUG [JavaFX Application Thread] com.idlegame.core.GameManager - Processing click action
2025-01-31 00:18:56 DEBUG [JavaFX Application Thread] com.idlegame.core.GameManager - Click added 1 (with prestige multiplier: 1)
2025-01-31 00:18:56 DEBUG [JavaFX Application Thread] com.idlegame.core.GameManager - Processing click action
2025-01-31 00:18:56 DEBUG [JavaFX Application Thread] com.idlegame.core.GameManager - Click added 1 (with prestige multiplier: 1)
2025-01-31 00:18:57 DEBUG [JavaFX Application Thread] com.idlegame.core.GameManager - Processing click action
2025-01-31 00:18:57 DEBUG [JavaFX Application Thread] com.idlegame.core.GameManager - Click added 1 (with prestige multiplier: 1)
2025-01-31 00:18:57 DEBUG [JavaFX Application Thread] com.idlegame.core.GameManager - Processing click action
2025-01-31 00:18:57 DEBUG [JavaFX Application Thread] com.idlegame.core.GameManager - Click added 1 (with prestige multiplier: 1)
2025-01-31 00:18:57 DEBUG [JavaFX Application Thread] com.idlegame.core.GameManager - Processing click action
2025-01-31 00:18:57 DEBUG [JavaFX Application Thread] com.idlegame.core.GameManager - Click added 1 (with prestige multiplier: 1)
2025-01-31 00:18:57 DEBUG [JavaFX Application Thread] com.idlegame.core.GameManager - Processing click action
2025-01-31 00:18:57 DEBUG [JavaFX Application Thread] com.idlegame.core.GameManager - Click added 1 (with prestige multiplier: 1)
2025-01-31 00:18:57 DEBUG [JavaFX Application Thread] com.idlegame.core.GameManager - Processing click action
2025-01-31 00:18:57 DEBUG [JavaFX Application Thread] com.idlegame.core.GameManager - Click added 1 (with prestige multiplier: 1)
2025-01-31 00:18:58 INFO  [JavaFX Application Thread] com.idlegame.core.BuildingSystem - Purchased building: grower for 17.25
2025-01-31 00:18:58 INFO  [JavaFX Application Thread] com.idlegame.core.BuildingSystem - Purchased building: grower for 19.8375
2025-01-31 00:18:59 DEBUG [JavaFX Application Thread] com.idlegame.core.GameManager - Processing click action
2025-01-31 00:18:59 DEBUG [JavaFX Application Thread] com.idlegame.core.GameManager - Click added 1 (with prestige multiplier: 1)
2025-01-31 00:19:00 DEBUG [JavaFX Application Thread] com.idlegame.core.GameManager - Processing click action
2025-01-31 00:19:00 DEBUG [JavaFX Application Thread] com.idlegame.core.GameManager - Click added 1 (with prestige multiplier: 1)
2025-01-31 00:19:00 DEBUG [JavaFX Application Thread] com.idlegame.core.GameManager - Processing click action
2025-01-31 00:19:00 DEBUG [JavaFX Application Thread] com.idlegame.core.GameManager - Click added 1 (with prestige multiplier: 1)
2025-01-31 00:19:00 DEBUG [JavaFX Application Thread] com.idlegame.core.GameManager - Processing click action
2025-01-31 00:19:00 DEBUG [JavaFX Application Thread] com.idlegame.core.GameManager - Click added 1 (with prestige multiplier: 1)
2025-01-31 00:19:00 DEBUG [JavaFX Application Thread] com.idlegame.core.GameManager - Processing click action
2025-01-31 00:19:00 DEBUG [JavaFX Application Thread] com.idlegame.core.GameManager - Click added 1 (with prestige multiplier: 1)
2025-01-31 00:19:00 DEBUG [JavaFX Application Thread] com.idlegame.core.GameManager - Processing click action
2025-01-31 00:19:00 DEBUG [JavaFX Application Thread] com.idlegame.core.GameManager - Click added 1 (with prestige multiplier: 1)
2025-01-31 00:19:01 DEBUG [JavaFX Application Thread] com.idlegame.core.GameManager - Processing click action
2025-01-31 00:19:01 DEBUG [JavaFX Application Thread] com.idlegame.core.GameManager - Click added 1 (with prestige multiplier: 1)
2025-01-31 00:19:01 DEBUG [JavaFX Application Thread] com.idlegame.core.GameManager - Processing click action
2025-01-31 00:19:01 DEBUG [JavaFX Application Thread] com.idlegame.core.GameManager - Click added 1 (with prestige multiplier: 1)
2025-01-31 00:19:02 DEBUG [JavaFX Application Thread] com.idlegame.core.GameManager - Processing click action
2025-01-31 00:19:02 DEBUG [JavaFX Application Thread] com.idlegame.core.GameManager - Click added 1 (with prestige multiplier: 1)
2025-01-31 00:19:02 DEBUG [JavaFX Application Thread] com.idlegame.core.GameManager - Processing click action
2025-01-31 00:19:02 DEBUG [JavaFX Application Thread] com.idlegame.core.GameManager - Click added 1 (with prestige multiplier: 1)
2025-01-31 00:19:02 DEBUG [JavaFX Application Thread] com.idlegame.core.GameManager - Processing click action
2025-01-31 00:19:02 DEBUG [JavaFX Application Thread] com.idlegame.core.GameManager - Click added 1 (with prestige multiplier: 1)
2025-01-31 00:19:02 DEBUG [JavaFX Application Thread] com.idlegame.core.GameManager - Processing click action
2025-01-31 00:19:02 DEBUG [JavaFX Application Thread] com.idlegame.core.GameManager - Click added 1 (with prestige multiplier: 1)
2025-01-31 00:19:02 DEBUG [JavaFX Application Thread] com.idlegame.core.GameManager - Processing click action
2025-01-31 00:19:02 DEBUG [JavaFX Application Thread] com.idlegame.core.GameManager - Click added 1 (with prestige multiplier: 1)
2025-01-31 00:19:03 DEBUG [JavaFX Application Thread] com.idlegame.core.GameManager - Processing click action
2025-01-31 00:19:03 DEBUG [JavaFX Application Thread] com.idlegame.core.GameManager - Click added 1 (with prestige multiplier: 1)
2025-01-31 00:19:03 DEBUG [JavaFX Application Thread] com.idlegame.core.GameManager - Processing click action
2025-01-31 00:19:03 DEBUG [JavaFX Application Thread] com.idlegame.core.GameManager - Click added 1 (with prestige multiplier: 1)
2025-01-31 00:19:03 DEBUG [JavaFX Application Thread] com.idlegame.core.GameManager - Processing click action
2025-01-31 00:19:03 DEBUG [JavaFX Application Thread] com.idlegame.core.GameManager - Click added 1 (with prestige multiplier: 1)
2025-01-31 00:19:03 DEBUG [JavaFX Application Thread] com.idlegame.core.GameManager - Processing click action
2025-01-31 00:19:03 DEBUG [JavaFX Application Thread] com.idlegame.core.GameManager - Click added 1 (with prestige multiplier: 1)
2025-01-31 00:19:03 DEBUG [JavaFX Application Thread] com.idlegame.core.GameManager - Processing click action
2025-01-31 00:19:03 DEBUG [JavaFX Application Thread] com.idlegame.core.GameManager - Click added 1 (with prestige multiplier: 1)
2025-01-31 00:19:03 DEBUG [JavaFX Application Thread] com.idlegame.core.GameManager - Processing click action
2025-01-31 00:19:03 DEBUG [JavaFX Application Thread] com.idlegame.core.GameManager - Click added 1 (with prestige multiplier: 1)
2025-01-31 00:19:04 DEBUG [JavaFX Application Thread] com.idlegame.core.GameManager - Processing click action
2025-01-31 00:19:04 DEBUG [JavaFX Application Thread] com.idlegame.core.GameManager - Click added 1 (with prestige multiplier: 1)
2025-01-31 00:19:04 DEBUG [JavaFX Application Thread] com.idlegame.core.GameManager - Processing click action
2025-01-31 00:19:04 DEBUG [JavaFX Application Thread] com.idlegame.core.GameManager - Click added 1 (with prestige multiplier: 1)
2025-01-31 00:19:05 INFO  [JavaFX Application Thread] com.idlegame.core.BuildingSystem - Purchased building: grower for 22.813125
